2020-07-06T18:30:04.346272+09:00 0 [System] [MY-013169] [Server] /usr/sbin/mysqld (mysqld 8.0.20) initializing of server in progress as process 42
2020-07-06T18:30:04.385161+09:00 1 [System] [MY-013576] [InnoDB] InnoDB initialization has started.
2020-07-06T18:30:05.617345+09:00 1 [System] [MY-013577] [InnoDB] InnoDB initialization has ended.
2020-07-06T18:30:09.000205+09:00 6 [Warning] [MY-010453] [Server] root@localhost is created with an empty password ! Please consider switching off the --initialize-insecure option.
2020-07-06T18:30:23.231203+09:00 0 [Warning] [MY-010101] [Server] Insecure configuration for --secure-file-priv: Location is accessible to all OS users. Consider choosing a different directory.
2020-07-06T18:30:23.231380+09:00 0 [System] [MY-010116] [Server] /usr/sbin/mysqld (mysqld 8.0.20) starting as process 89
2020-07-06T18:30:23.333104+09:00 1 [System] [MY-013576] [InnoDB] InnoDB initialization has started.
2020-07-06T18:30:24.100469+09:00 1 [System] [MY-013577] [InnoDB] InnoDB initialization has ended.
2020-07-06T18:30:25.187382+09:00 0 [System] [MY-011323] [Server] X Plugin ready for connections. Socket: '/var/run/mysqld/mysqlx.sock'
2020-07-06T18:30:25.834882+09:00 0 [Warning] [MY-010068] [Server] CA certificate ca.pem is self signed.
2020-07-06T18:30:25.912008+09:00 0 [System] [MY-010931] [Server] /usr/sbin/mysqld: ready for connections. Version: '8.0.20'  socket: '/var/run/mysqld/mysqld.sock'  port: 0  MySQL Community Server - GPL.
2020-07-06T18:31:05.192975+09:00 14 [System] [MY-013172] [Server] Received SHUTDOWN from user root. Shutting down mysqld (Version: 8.0.20).
2020-07-06T18:31:06.690816+09:00 0 [System] [MY-010910] [Server] /usr/sbin/mysqld: Shutdown complete (mysqld 8.0.20)  MySQL Community Server - GPL.
2020-07-06T18:31:07.979617+09:00 0 [Warning] [MY-010101] [Server] Insecure configuration for --secure-file-priv: Location is accessible to all OS users. Consider choosing a different directory.
2020-07-06T18:31:07.979820+09:00 0 [System] [MY-010116] [Server] /usr/sbin/mysqld (mysqld 8.0.20) starting as process 1
2020-07-06T18:31:08.034660+09:00 1 [System] [MY-013576] [InnoDB] InnoDB initialization has started.
2020-07-06T18:31:09.122724+09:00 1 [System] [MY-013577] [InnoDB] InnoDB initialization has ended.
2020-07-06T18:31:10.173365+09:00 0 [System] [MY-011323] [Server] X Plugin ready for connections. Socket: '/var/run/mysqld/mysqlx.sock' bind-address: '::' port: 33060
2020-07-06T18:31:10.784382+09:00 0 [Warning] [MY-010068] [Server] CA certificate ca.pem is self signed.
2020-07-06T18:31:10.939579+09:00 0 [System] [MY-010931] [Server] /usr/sbin/mysqld: ready for connections. Version: '8.0.20'  socket: '/var/run/mysqld/mysqld.sock'  port: 3306  MySQL Community Server - GPL.
mbind: Operation not permitted
2020-07-07T11:34:46.139297+09:00 0 [Warning] [MY-010101] [Server] Insecure configuration for --secure-file-priv: Location is accessible to all OS users. Consider choosing a different directory.
2020-07-07T11:34:46.139525+09:00 0 [System] [MY-010116] [Server] /usr/sbin/mysqld (mysqld 8.0.20) starting as process 1
2020-07-07T11:34:46.187885+09:00 1 [System] [MY-013576] [InnoDB] InnoDB initialization has started.
2020-07-07T11:34:47.287082+09:00 1 [System] [MY-013577] [InnoDB] InnoDB initialization has ended.
2020-07-07T11:34:47.989681+09:00 0 [System] [MY-011323] [Server] X Plugin ready for connections. Socket: '/var/run/mysqld/mysqlx.sock' bind-address: '::' port: 33060
2020-07-07T11:34:48.103463+09:00 0 [System] [MY-010229] [Server] Starting XA crash recovery...
2020-07-07T11:34:48.192069+09:00 0 [System] [MY-010232] [Server] XA crash recovery finished.
2020-07-07T11:34:48.301971+09:00 0 [Warning] [MY-010068] [Server] CA certificate ca.pem is self signed.
2020-07-07T11:34:48.468957+09:00 0 [System] [MY-010931] [Server] /usr/sbin/mysqld: ready for connections. Version: '8.0.20'  socket: '/var/run/mysqld/mysqld.sock'  port: 3306  MySQL Community Server - GPL.
2020-07-07T14:02:15.570297+09:00 0 [Warning] [MY-010101] [Server] Insecure configuration for --secure-file-priv: Location is accessible to all OS users. Consider choosing a different directory.
2020-07-07T14:02:15.570451+09:00 0 [System] [MY-010116] [Server] /usr/sbin/mysqld (mysqld 8.0.20) starting as process 1
2020-07-07T14:02:15.612548+09:00 1 [System] [MY-013576] [InnoDB] InnoDB initialization has started.
2020-07-07T14:02:16.609114+09:00 1 [System] [MY-013577] [InnoDB] InnoDB initialization has ended.
2020-07-07T14:02:17.165538+09:00 0 [System] [MY-011323] [Server] X Plugin ready for connections. Socket: '/var/run/mysqld/mysqlx.sock' bind-address: '::' port: 33060
2020-07-07T14:02:17.257946+09:00 0 [System] [MY-010229] [Server] Starting XA crash recovery...
2020-07-07T14:02:17.353086+09:00 0 [System] [MY-010232] [Server] XA crash recovery finished.
2020-07-07T14:02:17.513320+09:00 0 [Warning] [MY-010068] [Server] CA certificate ca.pem is self signed.
2020-07-07T14:02:17.625537+09:00 0 [System] [MY-010931] [Server] /usr/sbin/mysqld: ready for connections. Version: '8.0.20'  socket: '/var/run/mysqld/mysqld.sock'  port: 3306  MySQL Community Server - GPL.
2020-07-07T15:10:49.085972+09:00 0 [Warning] [MY-010101] [Server] Insecure configuration for --secure-file-priv: Location is accessible to all OS users. Consider choosing a different directory.
2020-07-07T15:10:49.086242+09:00 0 [System] [MY-010116] [Server] /usr/sbin/mysqld (mysqld 8.0.20) starting as process 1
2020-07-07T15:10:49.146586+09:00 1 [System] [MY-013576] [InnoDB] InnoDB initialization has started.
2020-07-07T15:10:50.410061+09:00 1 [System] [MY-013577] [InnoDB] InnoDB initialization has ended.
2020-07-07T15:10:50.944739+09:00 0 [System] [MY-011323] [Server] X Plugin ready for connections. Socket: '/var/run/mysqld/mysqlx.sock' bind-address: '::' port: 33060
2020-07-07T15:10:51.027562+09:00 0 [System] [MY-010229] [Server] Starting XA crash recovery...
2020-07-07T15:10:51.106115+09:00 0 [System] [MY-010232] [Server] XA crash recovery finished.
2020-07-07T15:10:51.244483+09:00 0 [Warning] [MY-010068] [Server] CA certificate ca.pem is self signed.
2020-07-07T15:10:51.442982+09:00 0 [System] [MY-010931] [Server] /usr/sbin/mysqld: ready for connections. Version: '8.0.20'  socket: '/var/run/mysqld/mysqld.sock'  port: 3306  MySQL Community Server - GPL.
2020-07-07T20:17:45.619463+09:00 0 [Warning] [MY-010101] [Server] Insecure configuration for --secure-file-priv: Location is accessible to all OS users. Consider choosing a different directory.
2020-07-07T20:17:45.619657+09:00 0 [System] [MY-010116] [Server] /usr/sbin/mysqld (mysqld 8.0.20) starting as process 1
2020-07-07T20:17:45.671233+09:00 1 [System] [MY-013576] [InnoDB] InnoDB initialization has started.
2020-07-07T20:17:46.718629+09:00 1 [System] [MY-013577] [InnoDB] InnoDB initialization has ended.
2020-07-07T20:17:47.427270+09:00 0 [System] [MY-011323] [Server] X Plugin ready for connections. Socket: '/var/run/mysqld/mysqlx.sock' bind-address: '::' port: 33060
2020-07-07T20:17:47.509033+09:00 0 [System] [MY-010229] [Server] Starting XA crash recovery...
2020-07-07T20:17:47.594871+09:00 0 [System] [MY-010232] [Server] XA crash recovery finished.
2020-07-07T20:17:47.700244+09:00 0 [Warning] [MY-010068] [Server] CA certificate ca.pem is self signed.
2020-07-07T20:17:47.810348+09:00 0 [System] [MY-010931] [Server] /usr/sbin/mysqld: ready for connections. Version: '8.0.20'  socket: '/var/run/mysqld/mysqld.sock'  port: 3306  MySQL Community Server - GPL.
2020-07-07T20:24:09.320760+09:00 0 [System] [MY-010910] [Server] /usr/sbin/mysqld: Shutdown complete (mysqld 8.0.20)  MySQL Community Server - GPL.
2020-07-07T20:24:12.143887+09:00 0 [Warning] [MY-010101] [Server] Insecure configuration for --secure-file-priv: Location is accessible to all OS users. Consider choosing a different directory.
2020-07-07T20:24:12.144038+09:00 0 [System] [MY-010116] [Server] /usr/sbin/mysqld (mysqld 8.0.20) starting as process 1
2020-07-07T20:24:12.174499+09:00 1 [System] [MY-013576] [InnoDB] InnoDB initialization has started.
2020-07-07T20:24:12.578552+09:00 1 [System] [MY-013577] [InnoDB] InnoDB initialization has ended.
2020-07-07T20:24:12.974988+09:00 0 [System] [MY-011323] [Server] X Plugin ready for connections. Socket: '/var/run/mysqld/mysqlx.sock' bind-address: '::' port: 33060
2020-07-07T20:24:13.124929+09:00 0 [Warning] [MY-010068] [Server] CA certificate ca.pem is self signed.
2020-07-07T20:24:13.203589+09:00 0 [System] [MY-010931] [Server] /usr/sbin/mysqld: ready for connections. Version: '8.0.20'  socket: '/var/run/mysqld/mysqld.sock'  port: 3306  MySQL Community Server - GPL.
2020-07-07T20:29:15.213170+09:00 0 [Warning] [MY-010101] [Server] Insecure configuration for --secure-file-priv: Location is accessible to all OS users. Consider choosing a different directory.
2020-07-07T20:29:15.213317+09:00 0 [System] [MY-010116] [Server] /usr/sbin/mysqld (mysqld 8.0.20) starting as process 1
2020-07-07T20:29:15.270693+09:00 1 [System] [MY-013576] [InnoDB] InnoDB initialization has started.
2020-07-07T20:29:16.438081+09:00 1 [System] [MY-013577] [InnoDB] InnoDB initialization has ended.
2020-07-07T20:29:17.199450+09:00 0 [System] [MY-011323] [Server] X Plugin ready for connections. Socket: '/var/run/mysqld/mysqlx.sock' bind-address: '::' port: 33060
2020-07-07T20:29:17.298839+09:00 0 [System] [MY-010229] [Server] Starting XA crash recovery...
2020-07-07T20:29:17.386788+09:00 0 [System] [MY-010232] [Server] XA crash recovery finished.
2020-07-07T20:29:17.517532+09:00 0 [Warning] [MY-010068] [Server] CA certificate ca.pem is self signed.
2020-07-07T20:29:17.644654+09:00 0 [System] [MY-010931] [Server] /usr/sbin/mysqld: ready for connections. Version: '8.0.20'  socket: '/var/run/mysqld/mysqld.sock'  port: 3306  MySQL Community Server - GPL.
2020-07-08T09:59:03.079558+09:00 0 [Warning] [MY-010101] [Server] Insecure configuration for --secure-file-priv: Location is accessible to all OS users. Consider choosing a different directory.
2020-07-08T09:59:03.079736+09:00 0 [System] [MY-010116] [Server] /usr/sbin/mysqld (mysqld 8.0.20) starting as process 1
2020-07-08T09:59:03.128216+09:00 1 [System] [MY-013576] [InnoDB] InnoDB initialization has started.
2020-07-08T09:59:04.129588+09:00 1 [System] [MY-013577] [InnoDB] InnoDB initialization has ended.
2020-07-08T09:59:04.657703+09:00 0 [System] [MY-011323] [Server] X Plugin ready for connections. Socket: '/var/run/mysqld/mysqlx.sock' bind-address: '::' port: 33060
2020-07-08T09:59:04.734058+09:00 0 [System] [MY-010229] [Server] Starting XA crash recovery...
2020-07-08T09:59:04.812177+09:00 0 [System] [MY-010232] [Server] XA crash recovery finished.
2020-07-08T09:59:04.905507+09:00 0 [Warning] [MY-010068] [Server] CA certificate ca.pem is self signed.
2020-07-08T09:59:05.017611+09:00 0 [System] [MY-010931] [Server] /usr/sbin/mysqld: ready for connections. Version: '8.0.20'  socket: '/var/run/mysqld/mysqld.sock'  port: 3306  MySQL Community Server - GPL.
2020-07-08T18:03:09.937729+09:00 0 [Warning] [MY-010101] [Server] Insecure configuration for --secure-file-priv: Location is accessible to all OS users. Consider choosing a different directory.
2020-07-08T18:03:09.937928+09:00 0 [System] [MY-010116] [Server] /usr/sbin/mysqld (mysqld 8.0.20) starting as process 1
2020-07-08T18:03:09.995214+09:00 1 [System] [MY-013576] [InnoDB] InnoDB initialization has started.
2020-07-08T18:03:11.765229+09:00 1 [System] [MY-013577] [InnoDB] InnoDB initialization has ended.
2020-07-08T18:03:13.127670+09:00 0 [System] [MY-011323] [Server] X Plugin ready for connections. Socket: '/var/run/mysqld/mysqlx.sock' bind-address: '::' port: 33060
2020-07-08T18:03:13.346294+09:00 0 [System] [MY-010229] [Server] Starting XA crash recovery...
2020-07-08T18:03:13.475712+09:00 0 [System] [MY-010232] [Server] XA crash recovery finished.
2020-07-08T18:03:13.675840+09:00 0 [Warning] [MY-010068] [Server] CA certificate ca.pem is self signed.
2020-07-08T18:03:13.988384+09:00 0 [System] [MY-010931] [Server] /usr/sbin/mysqld: ready for connections. Version: '8.0.20'  socket: '/var/run/mysqld/mysqld.sock'  port: 3306  MySQL Community Server - GPL.
2020-07-08T20:53:39.655880+09:00 0 [Warning] [MY-010101] [Server] Insecure configuration for --secure-file-priv: Location is accessible to all OS users. Consider choosing a different directory.
2020-07-08T20:53:39.656036+09:00 0 [System] [MY-010116] [Server] /usr/sbin/mysqld (mysqld 8.0.20) starting as process 1
2020-07-08T20:53:39.702852+09:00 1 [System] [MY-013576] [InnoDB] InnoDB initialization has started.
2020-07-08T20:53:40.786996+09:00 1 [System] [MY-013577] [InnoDB] InnoDB initialization has ended.
2020-07-08T20:53:41.427483+09:00 0 [System] [MY-011323] [Server] X Plugin ready for connections. Socket: '/var/run/mysqld/mysqlx.sock' bind-address: '::' port: 33060
2020-07-08T20:53:41.533972+09:00 0 [System] [MY-010229] [Server] Starting XA crash recovery...
2020-07-08T20:53:41.629465+09:00 0 [System] [MY-010232] [Server] XA crash recovery finished.
2020-07-08T20:53:41.733237+09:00 0 [Warning] [MY-010068] [Server] CA certificate ca.pem is self signed.
2020-07-08T20:53:41.864837+09:00 0 [System] [MY-010931] [Server] /usr/sbin/mysqld: ready for connections. Version: '8.0.20'  socket: '/var/run/mysqld/mysqld.sock'  port: 3306  MySQL Community Server - GPL.
2020-07-09T09:50:24.197138+09:00 0 [Warning] [MY-010101] [Server] Insecure configuration for --secure-file-priv: Location is accessible to all OS users. Consider choosing a different directory.
2020-07-09T09:50:24.197298+09:00 0 [System] [MY-010116] [Server] /usr/sbin/mysqld (mysqld 8.0.20) starting as process 1
2020-07-09T09:50:24.245352+09:00 1 [System] [MY-013576] [InnoDB] InnoDB initialization has started.
2020-07-09T09:50:25.288755+09:00 1 [System] [MY-013577] [InnoDB] InnoDB initialization has ended.
2020-07-09T09:50:25.872746+09:00 0 [System] [MY-011323] [Server] X Plugin ready for connections. Socket: '/var/run/mysqld/mysqlx.sock' bind-address: '::' port: 33060
2020-07-09T09:50:25.956298+09:00 0 [System] [MY-010229] [Server] Starting XA crash recovery...
2020-07-09T09:50:26.039081+09:00 0 [System] [MY-010232] [Server] XA crash recovery finished.
2020-07-09T09:50:26.138606+09:00 0 [Warning] [MY-010068] [Server] CA certificate ca.pem is self signed.
2020-07-09T09:50:26.266427+09:00 0 [System] [MY-010931] [Server] /usr/sbin/mysqld: ready for connections. Version: '8.0.20'  socket: '/var/run/mysqld/mysqld.sock'  port: 3306  MySQL Community Server - GPL.
2020-07-09T10:53:54.716473+09:00 0 [Warning] [MY-010101] [Server] Insecure configuration for --secure-file-priv: Location is accessible to all OS users. Consider choosing a different directory.
2020-07-09T10:53:54.716722+09:00 0 [System] [MY-010116] [Server] /usr/sbin/mysqld (mysqld 8.0.20) starting as process 1
2020-07-09T10:53:54.763433+09:00 1 [System] [MY-013576] [InnoDB] InnoDB initialization has started.
2020-07-09T10:53:55.772402+09:00 1 [System] [MY-013577] [InnoDB] InnoDB initialization has ended.
2020-07-09T10:53:56.343552+09:00 0 [System] [MY-011323] [Server] X Plugin ready for connections. Socket: '/var/run/mysqld/mysqlx.sock' bind-address: '::' port: 33060
2020-07-09T10:53:56.452865+09:00 0 [System] [MY-010229] [Server] Starting XA crash recovery...
2020-07-09T10:53:56.552526+09:00 0 [System] [MY-010232] [Server] XA crash recovery finished.
2020-07-09T10:53:56.649303+09:00 0 [Warning] [MY-010068] [Server] CA certificate ca.pem is self signed.
2020-07-09T10:53:56.763630+09:00 0 [System] [MY-010931] [Server] /usr/sbin/mysqld: ready for connections. Version: '8.0.20'  socket: '/var/run/mysqld/mysqld.sock'  port: 3306  MySQL Community Server - GPL.
2020-07-09T12:56:18.261452+09:00 0 [Warning] [MY-010101] [Server] Insecure configuration for --secure-file-priv: Location is accessible to all OS users. Consider choosing a different directory.
2020-07-09T12:56:18.261635+09:00 0 [System] [MY-010116] [Server] /usr/sbin/mysqld (mysqld 8.0.20) starting as process 1
2020-07-09T12:56:18.310187+09:00 1 [System] [MY-013576] [InnoDB] InnoDB initialization has started.
2020-07-09T12:56:19.309548+09:00 1 [System] [MY-013577] [InnoDB] InnoDB initialization has ended.
2020-07-09T12:56:19.861879+09:00 0 [System] [MY-011323] [Server] X Plugin ready for connections. Socket: '/var/run/mysqld/mysqlx.sock' bind-address: '::' port: 33060
2020-07-09T12:56:19.937014+09:00 0 [System] [MY-010229] [Server] Starting XA crash recovery...
2020-07-09T12:56:20.025941+09:00 0 [System] [MY-010232] [Server] XA crash recovery finished.
2020-07-09T12:56:20.118220+09:00 0 [Warning] [MY-010068] [Server] CA certificate ca.pem is self signed.
2020-07-09T12:56:20.244213+09:00 0 [System] [MY-010931] [Server] /usr/sbin/mysqld: ready for connections. Version: '8.0.20'  socket: '/var/run/mysqld/mysqld.sock'  port: 3306  MySQL Community Server - GPL.
mbind: Operation not permitted
2020-07-09T17:12:39.890692+09:00 0 [Warning] [MY-010101] [Server] Insecure configuration for --secure-file-priv: Location is accessible to all OS users. Consider choosing a different directory.
2020-07-09T17:12:39.890836+09:00 0 [System] [MY-010116] [Server] /usr/sbin/mysqld (mysqld 8.0.20) starting as process 1
2020-07-09T17:12:39.938205+09:00 1 [System] [MY-013576] [InnoDB] InnoDB initialization has started.
2020-07-09T17:12:41.002865+09:00 1 [System] [MY-013577] [InnoDB] InnoDB initialization has ended.
2020-07-09T17:12:41.535998+09:00 0 [System] [MY-011323] [Server] X Plugin ready for connections. Socket: '/var/run/mysqld/mysqlx.sock' bind-address: '::' port: 33060
2020-07-09T17:12:41.634466+09:00 0 [System] [MY-010229] [Server] Starting XA crash recovery...
2020-07-09T17:12:41.713614+09:00 0 [System] [MY-010232] [Server] XA crash recovery finished.
2020-07-09T17:12:41.812342+09:00 0 [Warning] [MY-010068] [Server] CA certificate ca.pem is self signed.
2020-07-09T17:12:41.916964+09:00 0 [System] [MY-010931] [Server] /usr/sbin/mysqld: ready for connections. Version: '8.0.20'  socket: '/var/run/mysqld/mysqld.sock'  port: 3306  MySQL Community Server - GPL.
2020-07-09T19:55:37.757525+09:00 0 [Warning] [MY-010101] [Server] Insecure configuration for --secure-file-priv: Location is accessible to all OS users. Consider choosing a different directory.
2020-07-09T19:55:37.757666+09:00 0 [System] [MY-010116] [Server] /usr/sbin/mysqld (mysqld 8.0.20) starting as process 1
2020-07-09T19:55:37.807452+09:00 1 [System] [MY-013576] [InnoDB] InnoDB initialization has started.
2020-07-09T19:55:38.810647+09:00 1 [System] [MY-013577] [InnoDB] InnoDB initialization has ended.
2020-07-09T19:55:39.361081+09:00 0 [System] [MY-011323] [Server] X Plugin ready for connections. Socket: '/var/run/mysqld/mysqlx.sock' bind-address: '::' port: 33060
2020-07-09T19:55:39.443758+09:00 0 [System] [MY-010229] [Server] Starting XA crash recovery...
2020-07-09T19:55:39.520075+09:00 0 [System] [MY-010232] [Server] XA crash recovery finished.
2020-07-09T19:55:39.612299+09:00 0 [Warning] [MY-010068] [Server] CA certificate ca.pem is self signed.
2020-07-09T19:55:39.711580+09:00 0 [System] [MY-010931] [Server] /usr/sbin/mysqld: ready for connections. Version: '8.0.20'  socket: '/var/run/mysqld/mysqld.sock'  port: 3306  MySQL Community Server - GPL.
2020-07-10T10:28:26.882570+09:00 0 [Warning] [MY-010101] [Server] Insecure configuration for --secure-file-priv: Location is accessible to all OS users. Consider choosing a different directory.
2020-07-10T10:28:26.882798+09:00 0 [System] [MY-010116] [Server] /usr/sbin/mysqld (mysqld 8.0.20) starting as process 1
2020-07-10T10:28:26.946084+09:00 1 [System] [MY-013576] [InnoDB] InnoDB initialization has started.
2020-07-10T10:28:28.479676+09:00 1 [System] [MY-013577] [InnoDB] InnoDB initialization has ended.
2020-07-10T10:28:29.205961+09:00 0 [System] [MY-011323] [Server] X Plugin ready for connections. Socket: '/var/run/mysqld/mysqlx.sock' bind-address: '::' port: 33060
2020-07-10T10:28:29.345563+09:00 0 [System] [MY-010229] [Server] Starting XA crash recovery...
2020-07-10T10:28:29.462378+09:00 0 [System] [MY-010232] [Server] XA crash recovery finished.
2020-07-10T10:28:29.698494+09:00 0 [Warning] [MY-010068] [Server] CA certificate ca.pem is self signed.
2020-07-10T10:28:29.831869+09:00 0 [System] [MY-010931] [Server] /usr/sbin/mysqld: ready for connections. Version: '8.0.20'  socket: '/var/run/mysqld/mysqld.sock'  port: 3306  MySQL Community Server - GPL.
mbind: Operation not permitted
2020-07-10T18:34:46.090118+09:00 0 [Warning] [MY-010101] [Server] Insecure configuration for --secure-file-priv: Location is accessible to all OS users. Consider choosing a different directory.
2020-07-10T18:34:46.093155+09:00 0 [System] [MY-010116] [Server] /usr/sbin/mysqld (mysqld 8.0.20) starting as process 1
2020-07-10T18:34:46.168160+09:00 1 [System] [MY-013576] [InnoDB] InnoDB initialization has started.
2020-07-10T18:34:47.926068+09:00 1 [System] [MY-013577] [InnoDB] InnoDB initialization has ended.
2020-07-10T18:34:49.341374+09:00 0 [System] [MY-011323] [Server] X Plugin ready for connections. Socket: '/var/run/mysqld/mysqlx.sock' bind-address: '::' port: 33060
2020-07-10T18:34:49.472667+09:00 0 [System] [MY-010229] [Server] Starting XA crash recovery...
2020-07-10T18:34:49.581734+09:00 0 [System] [MY-010232] [Server] XA crash recovery finished.
2020-07-10T18:34:49.715381+09:00 0 [Warning] [MY-010068] [Server] CA certificate ca.pem is self signed.
2020-07-10T18:34:49.852328+09:00 0 [System] [MY-010931] [Server] /usr/sbin/mysqld: ready for connections. Version: '8.0.20'  socket: '/var/run/mysqld/mysqld.sock'  port: 3306  MySQL Community Server - GPL.
2020-07-10T19:47:32.482997+09:00 0 [Warning] [MY-010101] [Server] Insecure configuration for --secure-file-priv: Location is accessible to all OS users. Consider choosing a different directory.
2020-07-10T19:47:32.483138+09:00 0 [System] [MY-010116] [Server] /usr/sbin/mysqld (mysqld 8.0.20) starting as process 1
2020-07-10T19:47:32.533578+09:00 1 [System] [MY-013576] [InnoDB] InnoDB initialization has started.
2020-07-10T19:47:33.666982+09:00 1 [System] [MY-013577] [InnoDB] InnoDB initialization has ended.
2020-07-10T19:47:34.403534+09:00 0 [System] [MY-011323] [Server] X Plugin ready for connections. Socket: '/var/run/mysqld/mysqlx.sock' bind-address: '::' port: 33060
2020-07-10T19:47:34.490284+09:00 0 [System] [MY-010229] [Server] Starting XA crash recovery...
2020-07-10T19:47:34.566631+09:00 0 [System] [MY-010232] [Server] XA crash recovery finished.
2020-07-10T19:47:34.660719+09:00 0 [Warning] [MY-010068] [Server] CA certificate ca.pem is self signed.
2020-07-10T19:47:34.788392+09:00 0 [System] [MY-010931] [Server] /usr/sbin/mysqld: ready for connections. Version: '8.0.20'  socket: '/var/run/mysqld/mysqld.sock'  port: 3306  MySQL Community Server - GPL.
2020-07-11T11:41:30.495719+09:00 0 [Warning] [MY-010101] [Server] Insecure configuration for --secure-file-priv: Location is accessible to all OS users. Consider choosing a different directory.
2020-07-11T11:41:30.495966+09:00 0 [System] [MY-010116] [Server] /usr/sbin/mysqld (mysqld 8.0.20) starting as process 1
2020-07-11T11:41:30.559501+09:00 1 [System] [MY-013576] [InnoDB] InnoDB initialization has started.
2020-07-11T11:41:31.820958+09:00 1 [System] [MY-013577] [InnoDB] InnoDB initialization has ended.
2020-07-11T11:41:32.362977+09:00 0 [System] [MY-011323] [Server] X Plugin ready for connections. Socket: '/var/run/mysqld/mysqlx.sock' bind-address: '::' port: 33060
2020-07-11T11:41:32.441962+09:00 0 [System] [MY-010229] [Server] Starting XA crash recovery...
2020-07-11T11:41:32.525255+09:00 0 [System] [MY-010232] [Server] XA crash recovery finished.
2020-07-11T11:41:32.638669+09:00 0 [Warning] [MY-010068] [Server] CA certificate ca.pem is self signed.
2020-07-11T11:41:32.747283+09:00 0 [System] [MY-010931] [Server] /usr/sbin/mysqld: ready for connections. Version: '8.0.20'  socket: '/var/run/mysqld/mysqld.sock'  port: 3306  MySQL Community Server - GPL.
2020-07-12T21:57:37.209688+09:00 0 [Warning] [MY-010101] [Server] Insecure configuration for --secure-file-priv: Location is accessible to all OS users. Consider choosing a different directory.
2020-07-12T21:57:37.209850+09:00 0 [System] [MY-010116] [Server] /usr/sbin/mysqld (mysqld 8.0.20) starting as process 1
2020-07-12T21:57:37.276297+09:00 1 [System] [MY-013576] [InnoDB] InnoDB initialization has started.
2020-07-12T21:57:38.931136+09:00 1 [System] [MY-013577] [InnoDB] InnoDB initialization has ended.
2020-07-12T21:57:39.891864+09:00 0 [System] [MY-011323] [Server] X Plugin ready for connections. Socket: '/var/run/mysqld/mysqlx.sock' bind-address: '::' port: 33060
2020-07-12T21:57:40.090386+09:00 0 [System] [MY-010229] [Server] Starting XA crash recovery...
2020-07-12T21:57:40.219311+09:00 0 [System] [MY-010232] [Server] XA crash recovery finished.
2020-07-12T21:57:40.423293+09:00 0 [Warning] [MY-010068] [Server] CA certificate ca.pem is self signed.
2020-07-12T21:57:40.849465+09:00 0 [System] [MY-010931] [Server] /usr/sbin/mysqld: ready for connections. Version: '8.0.20'  socket: '/var/run/mysqld/mysqld.sock'  port: 3306  MySQL Community Server - GPL.
2020-07-13T11:15:39.079447+09:00 0 [Warning] [MY-010101] [Server] Insecure configuration for --secure-file-priv: Location is accessible to all OS users. Consider choosing a different directory.
2020-07-13T11:15:39.079668+09:00 0 [System] [MY-010116] [Server] /usr/sbin/mysqld (mysqld 8.0.20) starting as process 1
2020-07-13T11:15:39.127349+09:00 1 [System] [MY-013576] [InnoDB] InnoDB initialization has started.
2020-07-13T11:15:40.226191+09:00 1 [System] [MY-013577] [InnoDB] InnoDB initialization has ended.
2020-07-13T11:15:40.774369+09:00 0 [System] [MY-011323] [Server] X Plugin ready for connections. Socket: '/var/run/mysqld/mysqlx.sock' bind-address: '::' port: 33060
2020-07-13T11:15:40.858280+09:00 0 [System] [MY-010229] [Server] Starting XA crash recovery...
2020-07-13T11:15:40.937686+09:00 0 [System] [MY-010232] [Server] XA crash recovery finished.
2020-07-13T11:15:41.051775+09:00 0 [Warning] [MY-010068] [Server] CA certificate ca.pem is self signed.
2020-07-13T11:15:41.158250+09:00 0 [System] [MY-010931] [Server] /usr/sbin/mysqld: ready for connections. Version: '8.0.20'  socket: '/var/run/mysqld/mysqld.sock'  port: 3306  MySQL Community Server - GPL.
2020-07-13T13:14:57.455694+09:00 0 [Warning] [MY-010101] [Server] Insecure configuration for --secure-file-priv: Location is accessible to all OS users. Consider choosing a different directory.
2020-07-13T13:14:57.455833+09:00 0 [System] [MY-010116] [Server] /usr/sbin/mysqld (mysqld 8.0.20) starting as process 1
2020-07-13T13:14:57.501500+09:00 1 [System] [MY-013576] [InnoDB] InnoDB initialization has started.
2020-07-13T13:14:58.540377+09:00 1 [System] [MY-013577] [InnoDB] InnoDB initialization has ended.
2020-07-13T13:14:59.051576+09:00 0 [System] [MY-011323] [Server] X Plugin ready for connections. Socket: '/var/run/mysqld/mysqlx.sock' bind-address: '::' port: 33060
2020-07-13T13:14:59.130676+09:00 0 [System] [MY-010229] [Server] Starting XA crash recovery...
2020-07-13T13:14:59.208789+09:00 0 [System] [MY-010232] [Server] XA crash recovery finished.
2020-07-13T13:14:59.296958+09:00 0 [Warning] [MY-010068] [Server] CA certificate ca.pem is self signed.
2020-07-13T13:14:59.402264+09:00 0 [System] [MY-010931] [Server] /usr/sbin/mysqld: ready for connections. Version: '8.0.20'  socket: '/var/run/mysqld/mysqld.sock'  port: 3306  MySQL Community Server - GPL.
mbind: Operation not permitted
2020-07-14T09:51:36.344922+09:00 0 [Warning] [MY-010101] [Server] Insecure configuration for --secure-file-priv: Location is accessible to all OS users. Consider choosing a different directory.
2020-07-14T09:51:36.345073+09:00 0 [System] [MY-010116] [Server] /usr/sbin/mysqld (mysqld 8.0.20) starting as process 1
2020-07-14T09:51:36.390888+09:00 1 [System] [MY-013576] [InnoDB] InnoDB initialization has started.
2020-07-14T09:51:37.456189+09:00 1 [System] [MY-013577] [InnoDB] InnoDB initialization has ended.
2020-07-14T09:51:38.054487+09:00 0 [System] [MY-011323] [Server] X Plugin ready for connections. Socket: '/var/run/mysqld/mysqlx.sock' bind-address: '::' port: 33060
2020-07-14T09:51:38.137921+09:00 0 [System] [MY-010229] [Server] Starting XA crash recovery...
2020-07-14T09:51:38.215774+09:00 0 [System] [MY-010232] [Server] XA crash recovery finished.
2020-07-14T09:51:38.310246+09:00 0 [Warning] [MY-010068] [Server] CA certificate ca.pem is self signed.
2020-07-14T09:51:38.411387+09:00 0 [System] [MY-010931] [Server] /usr/sbin/mysqld: ready for connections. Version: '8.0.20'  socket: '/var/run/mysqld/mysqld.sock'  port: 3306  MySQL Community Server - GPL.
mbind: Operation not permitted
2020-07-14T18:52:30.602247+09:00 0 [Warning] [MY-010101] [Server] Insecure configuration for --secure-file-priv: Location is accessible to all OS users. Consider choosing a different directory.
2020-07-14T18:52:30.602478+09:00 0 [System] [MY-010116] [Server] /usr/sbin/mysqld (mysqld 8.0.20) starting as process 1
2020-07-14T18:52:30.651030+09:00 1 [System] [MY-013576] [InnoDB] InnoDB initialization has started.
2020-07-14T18:52:31.730429+09:00 1 [System] [MY-013577] [InnoDB] InnoDB initialization has ended.
2020-07-14T18:52:32.378304+09:00 0 [System] [MY-011323] [Server] X Plugin ready for connections. Socket: '/var/run/mysqld/mysqlx.sock' bind-address: '::' port: 33060
2020-07-14T18:52:32.461350+09:00 0 [System] [MY-010229] [Server] Starting XA crash recovery...
2020-07-14T18:52:32.544056+09:00 0 [System] [MY-010232] [Server] XA crash recovery finished.
2020-07-14T18:52:32.638722+09:00 0 [Warning] [MY-010068] [Server] CA certificate ca.pem is self signed.
2020-07-14T18:52:32.745255+09:00 0 [System] [MY-010931] [Server] /usr/sbin/mysqld: ready for connections. Version: '8.0.20'  socket: '/var/run/mysqld/mysqld.sock'  port: 3306  MySQL Community Server - GPL.
2020-07-15T12:40:09.196935+09:00 0 [System] [MY-010910] [Server] /usr/sbin/mysqld: Shutdown complete (mysqld 8.0.20)  MySQL Community Server - GPL.
2020-07-15T03:40:15.113691-00:00 0 [Warning] [MY-010101] [Server] Insecure configuration for --secure-file-priv: Location is accessible to all OS users. Consider choosing a different directory.
2020-07-15T03:40:15.113888-00:00 0 [System] [MY-010116] [Server] /usr/sbin/mysqld (mysqld 8.0.20) starting as process 1
2020-07-15T03:40:15.194093-00:00 1 [System] [MY-013576] [InnoDB] InnoDB initialization has started.
2020-07-15T03:40:16.107704-00:00 1 [System] [MY-013577] [InnoDB] InnoDB initialization has ended.
2020-07-15T03:40:16.957579-00:00 0 [System] [MY-011323] [Server] X Plugin ready for connections. Socket: '/var/run/mysqld/mysqlx.sock' bind-address: '::' port: 33060
2020-07-15T03:40:17.345601-00:00 0 [Warning] [MY-010068] [Server] CA certificate ca.pem is self signed.
2020-07-15T03:40:17.461578-00:00 0 [System] [MY-010931] [Server] /usr/sbin/mysqld: ready for connections. Version: '8.0.20'  socket: '/var/run/mysqld/mysqld.sock'  port: 3306  MySQL Community Server - GPL.
2020-07-15T12:50:09.307217+09:00 0 [System] [MY-013169] [Server] /usr/sbin/mysqld (mysqld 8.0.20) initializing of server in progress as process 42
2020-07-15T12:50:09.389163+09:00 1 [System] [MY-013576] [InnoDB] InnoDB initialization has started.
2020-07-15T12:50:11.231957+09:00 1 [System] [MY-013577] [InnoDB] InnoDB initialization has ended.
2020-07-15T12:50:14.820183+09:00 6 [Warning] [MY-010453] [Server] root@localhost is created with an empty password ! Please consider switching off the --initialize-insecure option.
2020-07-15T12:50:31.055756+09:00 0 [Warning] [MY-010101] [Server] Insecure configuration for --secure-file-priv: Location is accessible to all OS users. Consider choosing a different directory.
2020-07-15T12:50:31.055940+09:00 0 [System] [MY-010116] [Server] /usr/sbin/mysqld (mysqld 8.0.20) starting as process 89
2020-07-15T12:50:31.141594+09:00 1 [System] [MY-013576] [InnoDB] InnoDB initialization has started.
2020-07-15T12:50:31.689776+09:00 1 [System] [MY-013577] [InnoDB] InnoDB initialization has ended.
2020-07-15T12:50:32.159013+09:00 0 [System] [MY-011323] [Server] X Plugin ready for connections. Socket: '/var/run/mysqld/mysqlx.sock'
2020-07-15T12:50:32.726623+09:00 0 [Warning] [MY-010068] [Server] CA certificate ca.pem is self signed.
2020-07-15T12:50:32.791113+09:00 0 [System] [MY-010931] [Server] /usr/sbin/mysqld: ready for connections. Version: '8.0.20'  socket: '/var/run/mysqld/mysqld.sock'  port: 0  MySQL Community Server - GPL.
2020-07-15T12:51:00.768943+09:00 14 [System] [MY-013172] [Server] Received SHUTDOWN from user root. Shutting down mysqld (Version: 8.0.20).
2020-07-15T12:51:02.634694+09:00 0 [System] [MY-010910] [Server] /usr/sbin/mysqld: Shutdown complete (mysqld 8.0.20)  MySQL Community Server - GPL.
2020-07-15T12:51:03.312494+09:00 0 [Warning] [MY-010101] [Server] Insecure configuration for --secure-file-priv: Location is accessible to all OS users. Consider choosing a different directory.
2020-07-15T12:51:03.312647+09:00 0 [System] [MY-010116] [Server] /usr/sbin/mysqld (mysqld 8.0.20) starting as process 1
2020-07-15T12:51:03.353355+09:00 1 [System] [MY-013576] [InnoDB] InnoDB initialization has started.
2020-07-15T12:51:03.881622+09:00 1 [System] [MY-013577] [InnoDB] InnoDB initialization has ended.
2020-07-15T12:51:04.292733+09:00 0 [System] [MY-011323] [Server] X Plugin ready for connections. Socket: '/var/run/mysqld/mysqlx.sock' bind-address: '::' port: 33060
2020-07-15T12:51:04.534733+09:00 0 [Warning] [MY-010068] [Server] CA certificate ca.pem is self signed.
2020-07-15T12:51:04.610829+09:00 0 [System] [MY-010931] [Server] /usr/sbin/mysqld: ready for connections. Version: '8.0.20'  socket: '/var/run/mysqld/mysqld.sock'  port: 3306  MySQL Community Server - GPL.
2020-07-15T15:19:50.580479+09:00 0 [System] [MY-010910] [Server] /usr/sbin/mysqld: Shutdown complete (mysqld 8.0.20)  MySQL Community Server - GPL.
2020-07-15T06:19:55.674685-00:00 0 [Warning] [MY-010101] [Server] Insecure configuration for --secure-file-priv: Location is accessible to all OS users. Consider choosing a different directory.
2020-07-15T06:19:55.674833-00:00 0 [System] [MY-010116] [Server] /usr/sbin/mysqld (mysqld 8.0.20) starting as process 1
2020-07-15T06:19:55.716688-00:00 1 [System] [MY-013576] [InnoDB] InnoDB initialization has started.
2020-07-15T06:19:56.305778-00:00 1 [System] [MY-013577] [InnoDB] InnoDB initialization has ended.
2020-07-15T06:19:56.860933-00:00 0 [System] [MY-011323] [Server] X Plugin ready for connections. Socket: '/var/run/mysqld/mysqlx.sock' bind-address: '::' port: 33060
2020-07-15T06:19:57.052164-00:00 0 [Warning] [MY-010068] [Server] CA certificate ca.pem is self signed.
2020-07-15T06:19:57.171246-00:00 0 [System] [MY-010931] [Server] /usr/sbin/mysqld: ready for connections. Version: '8.0.20'  socket: '/var/run/mysqld/mysqld.sock'  port: 3306  MySQL Community Server - GPL.
2020-07-15T15:27:32.982061+09:00 0 [System] [MY-013169] [Server] /usr/sbin/mysqld (mysqld 8.0.20) initializing of server in progress as process 42
2020-07-15T15:27:33.034807+09:00 1 [System] [MY-013576] [InnoDB] InnoDB initialization has started.
2020-07-15T15:27:34.768926+09:00 1 [System] [MY-013577] [InnoDB] InnoDB initialization has ended.
2020-07-15T15:27:38.715153+09:00 6 [Warning] [MY-010453] [Server] root@localhost is created with an empty password ! Please consider switching off the --initialize-insecure option.
2020-07-15T15:27:53.263627+09:00 0 [Warning] [MY-010101] [Server] Insecure configuration for --secure-file-priv: Location is accessible to all OS users. Consider choosing a different directory.
2020-07-15T15:27:53.263895+09:00 0 [System] [MY-010116] [Server] /usr/sbin/mysqld (mysqld 8.0.20) starting as process 89
2020-07-15T15:27:53.421602+09:00 1 [System] [MY-013576] [InnoDB] InnoDB initialization has started.
2020-07-15T15:27:54.105138+09:00 1 [System] [MY-013577] [InnoDB] InnoDB initialization has ended.
2020-07-15T15:27:54.654652+09:00 0 [System] [MY-011323] [Server] X Plugin ready for connections. Socket: '/var/run/mysqld/mysqlx.sock'
2020-07-15T15:27:55.189790+09:00 0 [Warning] [MY-010068] [Server] CA certificate ca.pem is self signed.
2020-07-15T15:27:55.262814+09:00 0 [System] [MY-010931] [Server] /usr/sbin/mysqld: ready for connections. Version: '8.0.20'  socket: '/var/run/mysqld/mysqld.sock'  port: 0  MySQL Community Server - GPL.
2020-07-15T15:28:17.849804+09:00 14 [System] [MY-013172] [Server] Received SHUTDOWN from user root. Shutting down mysqld (Version: 8.0.20).
2020-07-15T15:28:20.426652+09:00 0 [System] [MY-010910] [Server] /usr/sbin/mysqld: Shutdown complete (mysqld 8.0.20)  MySQL Community Server - GPL.
2020-07-15T15:28:21.423233+09:00 0 [Warning] [MY-010101] [Server] Insecure configuration for --secure-file-priv: Location is accessible to all OS users. Consider choosing a different directory.
2020-07-15T15:28:21.423391+09:00 0 [System] [MY-010116] [Server] /usr/sbin/mysqld (mysqld 8.0.20) starting as process 1
2020-07-15T15:28:21.476718+09:00 1 [System] [MY-013576] [InnoDB] InnoDB initialization has started.
2020-07-15T15:28:21.918979+09:00 1 [System] [MY-013577] [InnoDB] InnoDB initialization has ended.
2020-07-15T15:28:22.310531+09:00 0 [System] [MY-011323] [Server] X Plugin ready for connections. Socket: '/var/run/mysqld/mysqlx.sock' bind-address: '::' port: 33060
2020-07-15T15:28:22.590937+09:00 0 [Warning] [MY-010068] [Server] CA certificate ca.pem is self signed.
2020-07-15T15:28:22.667686+09:00 0 [System] [MY-010931] [Server] /usr/sbin/mysqld: ready for connections. Version: '8.0.20'  socket: '/var/run/mysqld/mysqld.sock'  port: 3306  MySQL Community Server - GPL.
2020-07-15T22:44:57.613613+09:00 0 [System] [MY-013169] [Server] /usr/sbin/mysqld (mysqld 8.0.21) initializing of server in progress as process 42
2020-07-15T22:44:58.077589+09:00 1 [System] [MY-013576] [InnoDB] InnoDB initialization has started.
2020-07-15T22:44:59.374723+09:00 1 [System] [MY-013577] [InnoDB] InnoDB initialization has ended.
2020-07-15T22:45:01.593759+09:00 6 [Warning] [MY-010453] [Server] root@localhost is created with an empty password ! Please consider switching off the --initialize-insecure option.
2020-07-15T22:45:16.565412+09:00 0 [Warning] [MY-010101] [Server] Insecure configuration for --secure-file-priv: Location is accessible to all OS users. Consider choosing a different directory.
2020-07-15T22:45:16.565520+09:00 0 [System] [MY-010116] [Server] /usr/sbin/mysqld (mysqld 8.0.21) starting as process 89
2020-07-15T22:45:16.610415+09:00 1 [System] [MY-013576] [InnoDB] InnoDB initialization has started.
2020-07-15T22:45:17.002491+09:00 1 [System] [MY-013577] [InnoDB] InnoDB initialization has ended.
2020-07-15T22:45:17.223485+09:00 0 [System] [MY-011323] [Server] X Plugin ready for connections. Socket: /var/run/mysqld/mysqlx.sock
2020-07-15T22:45:17.451296+09:00 0 [Warning] [MY-010068] [Server] CA certificate ca.pem is self signed.
2020-07-15T22:45:17.452954+09:00 0 [System] [MY-013602] [Server] Channel mysql_main configured to support TLS. Encrypted connections are now supported for this channel.
2020-07-15T22:45:17.495054+09:00 0 [System] [MY-010931] [Server] /usr/sbin/mysqld: ready for connections. Version: '8.0.21'  socket: '/var/run/mysqld/mysqld.sock'  port: 0  MySQL Community Server - GPL.
2020-07-15T22:45:37.117341+09:00 14 [System] [MY-013172] [Server] Received SHUTDOWN from user root. Shutting down mysqld (Version: 8.0.21).
2020-07-15T22:45:39.563443+09:00 0 [System] [MY-010910] [Server] /usr/sbin/mysqld: Shutdown complete (mysqld 8.0.21)  MySQL Community Server - GPL.
2020-07-15T22:45:40.443495+09:00 0 [Warning] [MY-010101] [Server] Insecure configuration for --secure-file-priv: Location is accessible to all OS users. Consider choosing a different directory.
2020-07-15T22:45:40.443585+09:00 0 [System] [MY-010116] [Server] /usr/sbin/mysqld (mysqld 8.0.21) starting as process 1
2020-07-15T22:45:40.461601+09:00 1 [System] [MY-013576] [InnoDB] InnoDB initialization has started.
2020-07-15T22:45:40.804330+09:00 1 [System] [MY-013577] [InnoDB] InnoDB initialization has ended.
2020-07-15T22:45:40.992131+09:00 0 [System] [MY-011323] [Server] X Plugin ready for connections. Bind-address: '::' port: 33060, socket: /var/run/mysqld/mysqlx.sock
2020-07-15T22:45:41.101587+09:00 0 [Warning] [MY-010068] [Server] CA certificate ca.pem is self signed.
2020-07-15T22:45:41.102692+09:00 0 [System] [MY-013602] [Server] Channel mysql_main configured to support TLS. Encrypted connections are now supported for this channel.
2020-07-15T22:45:41.146912+09:00 0 [System] [MY-010931] [Server] /usr/sbin/mysqld: ready for connections. Version: '8.0.21'  socket: '/var/run/mysqld/mysqld.sock'  port: 3306  MySQL Community Server - GPL.
2020-07-16T09:43:44.503448+09:00 0 [Warning] [MY-010101] [Server] Insecure configuration for --secure-file-priv: Location is accessible to all OS users. Consider choosing a different directory.
2020-07-16T09:43:44.503535+09:00 0 [System] [MY-010116] [Server] /usr/sbin/mysqld (mysqld 8.0.21) starting as process 1
2020-07-16T09:43:44.532784+09:00 1 [System] [MY-013576] [InnoDB] InnoDB initialization has started.
2020-07-16T09:43:45.112337+09:00 1 [System] [MY-013577] [InnoDB] InnoDB initialization has ended.
2020-07-16T09:43:45.548806+09:00 0 [System] [MY-011323] [Server] X Plugin ready for connections. Bind-address: '::' port: 33060, socket: /var/run/mysqld/mysqlx.sock
2020-07-16T09:43:45.806565+09:00 0 [Warning] [MY-010068] [Server] CA certificate ca.pem is self signed.
2020-07-16T09:43:45.808376+09:00 0 [System] [MY-013602] [Server] Channel mysql_main configured to support TLS. Encrypted connections are now supported for this channel.
2020-07-16T09:43:46.008882+09:00 0 [System] [MY-010931] [Server] /usr/sbin/mysqld: ready for connections. Version: '8.0.21'  socket: '/var/run/mysqld/mysqld.sock'  port: 3306  MySQL Community Server - GPL.
mbind: Operation not permitted
mbind: Operation not permitted
